<?xml version="1.0" encoding="UTF-8"?>
<!-- Generated by org.testng.reporters.JUnitReportReporter -->
<testsuite skipped="0" hostname="ermao750125-ThinkPad-T510" name="MinWang.minwangTestNGMavenGit.GoogleHomePageTest" tests="1" failures="0" timestamp="17 Nov 2018 22:46:47 GMT" time="1.976" errors="0">
  <testcase name="verifyGooglePageTittle" time="1.976" classname="MinWang.minwangTestNGMavenGit.GoogleHomePageTest"/>
</testsuite> <!-- MinWang.minwangTestNGMavenGit.GoogleHomePageTest -->
